Arguments: 
  C:\Program Files\nodejs\node.exe C:\Program Files (x86)\Yarn\bin\yarn.js init

PATH: 
  C:\app\lab_isw_windows\product\18.0.0\dbhomeXE\bin;C:\Python37-32\Scripts\;C:\Python37-32\;C:\ProgramData\Oracle\Java\javapath;C:\Program Files\Intel\iCLS Client\;C:\Windows\system32;C:\Windows;C:\Windows\System32\Wbem;C:\Windows\System32\WindowsPowerShell\v1.0\;C:\Program Files\Intel\WiFi\bin\;C:\Program Files\Common Files\Intel\WirelessCommon\;C:\Program Files (x86)\Intel\Intel(R) Management Engine Components\DAL;C:\Program Files\Intel\Intel(R) Management Engine Components\DAL;C:\Program Files\dotnet\;C:\Program Files\nodejs\;C:\Program Files\Git\cmd;C:\Program Files (x86)\Yarn\bin\;C:\Users\lab_isw_windows\AppData\Local\Microsoft\WindowsApps;E:\Microsoft VS Code\bin;C:\AppServ\Apache24\bin;C:\AppServ\php5;C:\AppServ\MySQL\bin;C:\Users\lab_isw_windows\AppData\Local\atom\bin;C:\Users\lab_isw_windows\AppData\Roaming\npm;C:\Users\lab_isw_windows\AppData\Local\Programs\Microsoft VS Code\bin;C:\Users\lab_isw_windows\AppData\Local\GitHubDesktop\bin;C:\Users\lab_isw_windows\AppData\Local\Yarn\bin

Yarn version: 
  1.19.1

Node version: 
  10.16.3

Platform: 
  win32 x64

Trace: 
  SyntaxError: C:\Users\lab_isw_windows\Desktop\documentos-trabajos\Pro Web\Graduacion\package.json: Unexpected end of JSON input
      at JSON.parse (<anonymous>)
      at C:\Program Files (x86)\Yarn\lib\cli.js:1625:59
      at Generator.next (<anonymous>)
      at step (C:\Program Files (x86)\Yarn\lib\cli.js:304:30)
      at C:\Program Files (x86)\Yarn\lib\cli.js:315:13

npm manifest: 
  

yarn manifest: 
  No manifest

Lockfile: 
  No lockfile
